Using pre-set license
Built from '2020.3/staging' branch; Version is '2020.3.3f1 (76626098c1c4) revision 7758432'; Using compiler version '192528614'; Build Type 'Release'
OS: 'Windows 10 Education; OS build 19044.1586; Version 2009; 64bit' Language: 'da' Physical Memory: 16106 MB
BatchMode: 1, IsHumanControllingUs: 0, StartBugReporterOnCrash: 0, Is64bit: 1, IsPro: 0

 COMMAND LINE ARGUMENTS:
C:\Program Files\Unity\Hub\Editor\2020.3.3f1\Editor\Unity.exe
-adb2
-batchMode
-noUpm
-name
AssetImportWorker0
-projectPath
C:/gamejam/PoopGame/Poopster
-logFile
Logs/AssetImportWorker0.log
-srvPort
59543
Successfully changed project path to: C:/gamejam/PoopGame/Poopster
C:/gamejam/PoopGame/Poopster
Using Asset Import Pipeline V2.
Refreshing native plugins compatible for Editor in 26.61 ms, found 2 plugins.
Preloading 0 native plugins for Editor in 0.00 ms.
Initialize engine version: 2020.3.3f1 (76626098c1c4)
[Subsystems] Discovering subsystems at path C:/Program Files/Unity/Hub/Editor/2020.3.3f1/Editor/Data/Resources/UnitySubsystems
[Subsystems] Discovering subsystems at path C:/gamejam/PoopGame/Poopster/Assets
GfxDevice: creating device client; threaded=0
Direct3D:
    Version:  Direct3D 11.0 [level 11.1]
    Renderer: NVIDIA GeForce MX450 (ID=0x1f97)
    Vendor:   
    VRAM:     1928 MB
    Driver:   27.21.14.6230
Initialize mono
Mono path[0] = 'C:/Program Files/Unity/Hub/Editor/2020.3.3f1/Editor/Data/Managed'
Mono path[1] = 'C:/Program Files/Unity/Hub/Editor/2020.3.3f1/Editor/Data/MonoBleedingEdge/lib/mono/unityjit'
Mono config path = 'C:/Program Files/Unity/Hub/Editor/2020.3.3f1/Editor/Data/MonoBleedingEdge/etc'
Using monoOptions --debugger-agent=transport=dt_socket,embedding=1,server=y,suspend=n,address=127.0.0.1:56492
Begin MonoManager ReloadAssembly
Registering precompiled unity dll's ...
Register platform support module: C:/Program Files/Unity/Hub/Editor/2020.3.3f1/Editor/Data/PlaybackEngines/WindowsStandaloneSupport/UnityEditor.WindowsStandalone.Extensions.dll
Registered in 0.001226 seconds.
Native extension for WindowsStandalone target not found
Refreshing native plugins compatible for Editor in 23.78 ms, found 2 plugins.
Preloading 0 native plugins for Editor in 0.00 ms.
Invoked RoslynAnalysisRunner static constructor.
RoslynAnalysisRunner will not be running.
RoslynAnalysisRunner has terminated.
Mono: successfully reloaded assembly
- Completed reload, in  0.648 seconds
Platform modules already initialized, skipping
Registering precompiled user dll's ...
Registered in 0.002498 seconds.
Begin MonoManager ReloadAssembly
Native extension for WindowsStandalone target not found
Refreshing native plugins compatible for Editor in 0.31 ms, found 2 plugins.
Preloading 0 native plugins for Editor in 0.00 ms.
Invoked RoslynAnalysisRunner static constructor.
RoslynAnalysisRunner will not be running.
RoslynAnalysisRunner has terminated.
Mono: successfully reloaded assembly
- Completed reload, in  0.693 seconds
Platform modules already initialized, skipping
========================================================================
Worker process is ready to serve import requests
Launched and connected shader compiler UnityShaderCompiler.exe after 0.04 seconds
Refreshing native plugins compatible for Editor in 0.26 ms, found 2 plugins.
Preloading 0 native plugins for Editor in 0.00 ms.
Unloading 1526 Unused Serialized files (Serialized files now loaded: 0)
System memory in use before: 69.3 MB.
System memory in use after: 69.4 MB.

Unloading 19 unused Assets to reduce memory usage. Loaded Objects now: 1959.
Total: 2.295900 ms (FindLiveObjects: 0.138300 ms CreateObjectMapping: 0.025800 ms MarkObjects: 2.041600 ms  DeleteObjects: 0.089200 ms)

========================================================================
Received Import Request.
  path: Assets/Shrek.jpg
  artifactKey: Guid(a6177ac42f69e0b4398837aace26df42) Importer(815301076,1909f56bfc062723c751e8b465ee728b)
Start importing Assets/Shrek.jpg using Guid(a6177ac42f69e0b4398837aace26df42) Importer(815301076,1909f56bfc062723c751e8b465ee728b)  -> (artifact id: 'e5c8b6e47a8a6704943c0ce34777a835') in 0.066809 seconds
  Import took 0.068743 seconds .

========================================================================
Received Import Request.
  Time since last request: 0.000368 seconds.
  path: Assets/Arne (1).png
  artifactKey: Guid(646cdf00edead1f428a5c4e451461347) Importer(815301076,1909f56bfc062723c751e8b465ee728b)
Start importing Assets/Arne (1).png using Guid(646cdf00edead1f428a5c4e451461347) Importer(815301076,1909f56bfc062723c751e8b465ee728b)  -> (artifact id: '1395a0642aae35d6b1de3d139c164ae9') in 0.011724 seconds
  Import took 0.013642 seconds .

========================================================================
Received Import Request.
  Time since last request: 0.000139 seconds.
  path: Assets/moss.jpg
  artifactKey: Guid(f0195cd05cdd12544bd519cc8ab4a5a2) Importer(815301076,1909f56bfc062723c751e8b465ee728b)
Start importing Assets/moss.jpg using Guid(f0195cd05cdd12544bd519cc8ab4a5a2) Importer(815301076,1909f56bfc062723c751e8b465ee728b)  -> (artifact id: '65b3b1543c21dbcbc455367468474b3d') in 0.006854 seconds
  Import took 0.009657 seconds .

========================================================================
Received Import Request.
  Time since last request: 0.000337 seconds.
  path: Assets/Smooth.physicMaterial
  artifactKey: Guid(bee64a9ae40741742a1ffa6cec09a542) Importer(815301076,1909f56bfc062723c751e8b465ee728b)
Start importing Assets/Smooth.physicMaterial using Guid(bee64a9ae40741742a1ffa6cec09a542) Importer(815301076,1909f56bfc062723c751e8b465ee728b)  -> (artifact id: 'caf12512c6c952802f48039d56a7b371') in 0.003664 seconds
  Import took 0.005864 seconds .

========================================================================
Received Import Request.
  Time since last request: 0.000133 seconds.
  path: Assets/cott.png
  artifactKey: Guid(b1a200b3915afdc42bb17365139c6d59) Importer(815301076,1909f56bfc062723c751e8b465ee728b)
Start importing Assets/cott.png using Guid(b1a200b3915afdc42bb17365139c6d59) Importer(815301076,1909f56bfc062723c751e8b465ee728b)  -> (artifact id: '3692281f9d89cf5be7136b15f5a70e26') in 0.008053 seconds
  Import took 0.010622 seconds .

========================================================================
Received Import Request.
  Time since last request: 0.000269 seconds.
  path: Assets/Arne (1).prefab
  artifactKey: Guid(d5ab3c3ce1596b14188dd941a8db39fe) Importer(815301076,1909f56bfc062723c751e8b465ee728b)
Start importing Assets/Arne (1).prefab using Guid(d5ab3c3ce1596b14188dd941a8db39fe) Importer(815301076,1909f56bfc062723c751e8b465ee728b)  -> (artifact id: '65063827b16dc6fc3b3c427907c85959') in 0.027369 seconds
  Import took 0.029718 seconds .

